CRITICAL - 2026-05-08 09:35:50 --> CodeIgniter\Exceptions\BadMethodCallException: Call to undefined method App\Models\Note::getNotesByEleveGroupedByUE
[Method: GET, Route: eleve/notes]
in SYSTEMPATH/Model.php on line 761.
 1 APPPATH/Controllers/ElevesController.php(46): CodeIgniter\Model->__call()
 2 SYSTEMPATH/CodeIgniter.php(951): App\Controllers\ElevesController->notesEleve()
 3 SYSTEMPATH/CodeIgniter.php(497): CodeIgniter\CodeIgniter->runController()
 4 SYSTEMPATH/CodeIgniter.php(340): CodeIgniter\CodeIgniter->handleRequest()
 5 SYSTEMPATH/Boot.php(417): CodeIgniter\CodeIgniter->run()
 6 SYSTEMPATH/Boot.php(68): CodeIgniter\Boot::runCodeIgniter()
 7 FCPATH/index.php(59): CodeIgniter\Boot::bootWeb()
CRITICAL - 2026-05-08 09:35:52 --> CodeIgniter\Exceptions\BadMethodCallException: Call to undefined method App\Models\Note::getNotesByEleveGroupedByUE
[Method: GET, Route: eleve/notes]
in SYSTEMPATH/Model.php on line 761.
 1 APPPATH/Controllers/ElevesController.php(46): CodeIgniter\Model->__call()
 2 SYSTEMPATH/CodeIgniter.php(951): App\Controllers\ElevesController->notesEleve()
 3 SYSTEMPATH/CodeIgniter.php(497): CodeIgniter\CodeIgniter->runController()
 4 SYSTEMPATH/CodeIgniter.php(340): CodeIgniter\CodeIgniter->handleRequest()
 5 SYSTEMPATH/Boot.php(417): CodeIgniter\CodeIgniter->run()
 6 SYSTEMPATH/Boot.php(68): CodeIgniter\Boot::runCodeIgniter()
 7 FCPATH/index.php(59): CodeIgniter\Boot::bootWeb()
